<?xml version="1.0" encoding="UTF-8"?>
<!-- Generated by org.testng.reporters.JUnitReportReporter -->
<testsuite hostname="DESKTOP-UG71NEM" failures="0" tests="4" name="TestCases.Demo" time="0.089" errors="0" timestamp="2024-04-01T15:09:19 IST" skipped="0">
  <testcase classname="TestCases.Demo" name="test1" time="0.000"/>
  <system-out/>
  <testcase classname="TestCases.Demo" name="test2" time="0.022"/>
  <system-out/>
  <testcase classname="TestCases.Demo" name="test3" time="0.063"/>
  <system-out/>
  <testcase classname="TestCases.Demo" name="test4" time="0.004"/>
  <system-out/>
</testsuite> <!-- TestCases.Demo -->
