<?xml version="1.0" encoding="UTF-8"?>
<!-- Generated by org.testng.reporters.JUnitReportReporter -->
<testsuite hostname="DESKTOP-UG71NEM" failures="0" tests="2" name="TestCases.Demo" time="0.016" errors="0" timestamp="2024-04-01T15:18:25 IST" skipped="0">
  <testcase classname="TestCases.Demo" name="test1" time="0.016"/>
  <system-out/>
  <testcase classname="TestCases.Demo" name="test2" time="0.000"/>
  <system-out/>
</testsuite> <!-- TestCases.Demo -->
