<?xml version="1.0" encoding="UTF-8"?>
<!-- Generated by org.testng.reporters.JUnitReportReporter -->
<testsuite hostname="DESKTOP-UG71NEM" failures="0" tests="1" name="TestCases.TC_01_LoginTest" time="26.441" errors="0" timestamp="2024-04-01T15:00:57 IST" skipped="0">
  <testcase classname="TestCases.TC_01_LoginTest" name="loginTest" time="26.441"/>
  <system-out/>
</testsuite> <!-- TestCases.TC_01_LoginTest -->
